C:\USERS\WH0\WORK\DUKTAPE\SAMPLE-CLIENT\DEBUG\SAMPLE-CLIENT.PCH
C:\USERS\WH0\WORK\DUKTAPE\SAMPLE-CLIENT\DEBUG\STDAFX.OBJ
C:\USERS\WH0\WORK\DUKTAPE\SAMPLE-CLIENT\DEBUG\VC110.PDB
C:\USERS\WH0\WORK\DUKTAPE\SAMPLE-CLIENT\DEBUG\DUK_ENCLAVE_U.OBJ
C:\USERS\WH0\WORK\DUKTAPE\SAMPLE-CLIENT\DEBUG\SAMPLE-CLIENT.OBJ
C:\USERS\WH0\WORK\DUKTAPE\SAMPLE-CLIENT\DUK_ENCLAVE_U.H
C:\USERS\WH0\WORK\DUKTAPE\SAMPLE-CLIENT\DUK_ENCLAVE_U.C
C:\USERS\WH0\WORK\DUKTAPE\DEBUG\SAMPLE-CLIENT.ILK
C:\USERS\WH0\WORK\DUKTAPE\DEBUG\SAMPLE-CLIENT.EXE
C:\USERS\WH0\WORK\DUKTAPE\DEBUG\SAMPLE-CLIENT.PDB
C:\Users\wh0\work\duktape\sample-client\Debug\duk_enclave_u.obj
C:\Users\wh0\work\duktape\sample-client\Debug\sample-client.obj
C:\Users\wh0\work\duktape\sample-client\Debug\stdafx.obj
C:\Users\wh0\work\duktape\sample-client\Debug\cl.command.1.tlog
C:\Users\wh0\work\duktape\sample-client\Debug\CL.read.1.tlog
C:\Users\wh0\work\duktape\sample-client\Debug\CL.write.1.tlog
C:\Users\wh0\work\duktape\sample-client\Debug\custombuild.command.1.tlog
C:\Users\wh0\work\duktape\sample-client\Debug\custombuild.read.1.tlog
C:\Users\wh0\work\duktape\sample-client\Debug\custombuild.write.1.tlog
C:\Users\wh0\work\duktape\sample-client\Debug\link-cvtres.read.1.tlog
C:\Users\wh0\work\duktape\sample-client\Debug\link-cvtres.write.1.tlog
C:\Users\wh0\work\duktape\sample-client\Debug\link-rc.read.1.tlog
C:\Users\wh0\work\duktape\sample-client\Debug\link-rc.write.1.tlog
C:\Users\wh0\work\duktape\sample-client\Debug\link.command.1.tlog
C:\Users\wh0\work\duktape\sample-client\Debug\link.read.1.tlog
C:\Users\wh0\work\duktape\sample-client\Debug\link.write.1.tlog
C:\Users\wh0\work\duktape\sample-client\Debug\sample-client.pch
C:\Users\wh0\work\duktape\sample-client\Debug\vc110.idb
C:\Users\wh0\work\duktape\sample-client\Debug\vc110.pdb
C:\Users\wh0\work\duktape\Debug\sample-client.pdb
C:\Users\wh0\work\duktape\Debug\sample-client.exe
C:\Users\wh0\work\duktape\Debug\sample-client.ilk
