C:\USERS\WH0\WORK\DUKTAPE\DUKTAPE-1.4.0\DEBUG\VC110.PDB
C:\USERS\WH0\WORK\DUKTAPE\DUKTAPE-1.4.0\DEBUG\DUK_JS_EXECUTOR.OBJ
C:\USERS\WH0\WORK\DUKTAPE\DUKTAPE-1.4.0\DEBUG\DUK_JS_OPS.OBJ
C:\USERS\WH0\WORK\DUKTAPE\DUKTAPE-1.4.0\DEBUG\DUK_JS_VAR.OBJ
C:\USERS\WH0\WORK\DUKTAPE\DUKTAPE-1.4.0\DEBUG\DUK_LEXER.OBJ
C:\USERS\WH0\WORK\DUKTAPE\DUKTAPE-1.4.0\DEBUG\DUK_NUMCONV.OBJ
C:\USERS\WH0\WORK\DUKTAPE\DUKTAPE-1.4.0\DEBUG\DUK_REGEXP_COMPILER.OBJ
C:\USERS\WH0\WORK\DUKTAPE\DUKTAPE-1.4.0\DEBUG\DUK_REGEXP_EXECUTOR.OBJ
C:\USERS\WH0\WORK\DUKTAPE\DUKTAPE-1.4.0\DEBUG\DUK_REPLACEMENTS.OBJ
C:\USERS\WH0\WORK\DUKTAPE\DUKTAPE-1.4.0\DEBUG\DUK_SELFTEST.OBJ
C:\USERS\WH0\WORK\DUKTAPE\DUKTAPE-1.4.0\DEBUG\DUK_STRINGS.OBJ
C:\USERS\WH0\WORK\DUKTAPE\DUKTAPE-1.4.0\DEBUG\DUK_TVAL.OBJ
C:\USERS\WH0\WORK\DUKTAPE\DUKTAPE-1.4.0\DEBUG\DUK_UNICODE_SUPPORT.OBJ
C:\USERS\WH0\WORK\DUKTAPE\DUKTAPE-1.4.0\DEBUG\DUK_UNICODE_TABLES.OBJ
C:\USERS\WH0\WORK\DUKTAPE\DUKTAPE-1.4.0\DEBUG\DUK_UTIL_BITDECODER.OBJ
C:\USERS\WH0\WORK\DUKTAPE\DUKTAPE-1.4.0\DEBUG\DUK_UTIL_BITENCODER.OBJ
C:\USERS\WH0\WORK\DUKTAPE\DUKTAPE-1.4.0\DEBUG\DUK_UTIL_BUFWRITER.OBJ
C:\USERS\WH0\WORK\DUKTAPE\DUKTAPE-1.4.0\DEBUG\DUK_UTIL_HASHBYTES.OBJ
C:\USERS\WH0\WORK\DUKTAPE\DUKTAPE-1.4.0\DEBUG\DUK_UTIL_HASHPRIME.OBJ
C:\USERS\WH0\WORK\DUKTAPE\DUKTAPE-1.4.0\DEBUG\DUK_UTIL_MISC.OBJ
C:\USERS\WH0\WORK\DUKTAPE\DUKTAPE-1.4.0\DEBUG\DUK_UTIL_TINYRANDOM.OBJ
C:\USERS\WH0\WORK\DUKTAPE\DUKTAPE-1.4.0\DEBUG\DUK_HEAP_MARKANDSWEEP.OBJ
C:\USERS\WH0\WORK\DUKTAPE\DUKTAPE-1.4.0\DEBUG\DUK_HEAP_MEMORY.OBJ
C:\USERS\WH0\WORK\DUKTAPE\DUKTAPE-1.4.0\DEBUG\DUK_HEAP_MISC.OBJ
C:\USERS\WH0\WORK\DUKTAPE\DUKTAPE-1.4.0\DEBUG\DUK_HEAP_REFCOUNT.OBJ
C:\USERS\WH0\WORK\DUKTAPE\DUKTAPE-1.4.0\DEBUG\DUK_HEAP_STRINGCACHE.OBJ
C:\USERS\WH0\WORK\DUKTAPE\DUKTAPE-1.4.0\DEBUG\DUK_HEAP_STRINGTABLE.OBJ
C:\USERS\WH0\WORK\DUKTAPE\DUKTAPE-1.4.0\DEBUG\DUK_HOBJECT_ALLOC.OBJ
C:\USERS\WH0\WORK\DUKTAPE\DUKTAPE-1.4.0\DEBUG\DUK_HOBJECT_CLASS.OBJ
C:\USERS\WH0\WORK\DUKTAPE\DUKTAPE-1.4.0\DEBUG\DUK_HOBJECT_ENUM.OBJ
C:\USERS\WH0\WORK\DUKTAPE\DUKTAPE-1.4.0\DEBUG\DUK_HOBJECT_FINALIZER.OBJ
C:\USERS\WH0\WORK\DUKTAPE\DUKTAPE-1.4.0\DEBUG\DUK_HOBJECT_MISC.OBJ
C:\USERS\WH0\WORK\DUKTAPE\DUKTAPE-1.4.0\DEBUG\DUK_HOBJECT_PC2LINE.OBJ
C:\USERS\WH0\WORK\DUKTAPE\DUKTAPE-1.4.0\DEBUG\DUK_HOBJECT_PROPS.OBJ
C:\USERS\WH0\WORK\DUKTAPE\DUKTAPE-1.4.0\DEBUG\DUK_HSTRING_MISC.OBJ
C:\USERS\WH0\WORK\DUKTAPE\DUKTAPE-1.4.0\DEBUG\DUK_HTHREAD_ALLOC.OBJ
C:\USERS\WH0\WORK\DUKTAPE\DUKTAPE-1.4.0\DEBUG\DUK_HTHREAD_BUILTINS.OBJ
C:\USERS\WH0\WORK\DUKTAPE\DUKTAPE-1.4.0\DEBUG\DUK_HTHREAD_MISC.OBJ
C:\USERS\WH0\WORK\DUKTAPE\DUKTAPE-1.4.0\DEBUG\DUK_HTHREAD_STACKS.OBJ
C:\USERS\WH0\WORK\DUKTAPE\DUKTAPE-1.4.0\DEBUG\DUK_JS_CALL.OBJ
C:\USERS\WH0\WORK\DUKTAPE\DUKTAPE-1.4.0\DEBUG\DUK_JS_COMPILER.OBJ
C:\USERS\WH0\WORK\DUKTAPE\DUKTAPE-1.4.0\DEBUG\DUK_BI_REGEXP.OBJ
C:\USERS\WH0\WORK\DUKTAPE\DUKTAPE-1.4.0\DEBUG\DUK_BI_STRING.OBJ
C:\USERS\WH0\WORK\DUKTAPE\DUKTAPE-1.4.0\DEBUG\DUK_BI_THREAD.OBJ
C:\USERS\WH0\WORK\DUKTAPE\DUKTAPE-1.4.0\DEBUG\DUK_BI_THROWER.OBJ
C:\USERS\WH0\WORK\DUKTAPE\DUKTAPE-1.4.0\DEBUG\DUK_BUILTINS.OBJ
C:\USERS\WH0\WORK\DUKTAPE\DUKTAPE-1.4.0\DEBUG\DUK_DEBUG_FIXEDBUFFER.OBJ
C:\USERS\WH0\WORK\DUKTAPE\DUKTAPE-1.4.0\DEBUG\DUK_DEBUG_HEAP.OBJ
C:\USERS\WH0\WORK\DUKTAPE\DUKTAPE-1.4.0\DEBUG\DUK_DEBUG_MACROS.OBJ
C:\USERS\WH0\WORK\DUKTAPE\DUKTAPE-1.4.0\DEBUG\DUK_DEBUG_VSNPRINTF.OBJ
C:\USERS\WH0\WORK\DUKTAPE\DUKTAPE-1.4.0\DEBUG\DUK_DEBUGGER.OBJ
C:\USERS\WH0\WORK\DUKTAPE\DUKTAPE-1.4.0\DEBUG\DUK_ERROR_AUGMENT.OBJ
C:\USERS\WH0\WORK\DUKTAPE\DUKTAPE-1.4.0\DEBUG\DUK_ERROR_LONGJMP.OBJ
C:\USERS\WH0\WORK\DUKTAPE\DUKTAPE-1.4.0\DEBUG\DUK_ERROR_MISC.OBJ
C:\USERS\WH0\WORK\DUKTAPE\DUKTAPE-1.4.0\DEBUG\DUK_ERROR_THROW.OBJ
C:\USERS\WH0\WORK\DUKTAPE\DUKTAPE-1.4.0\DEBUG\DUK_HBUFFER_ALLOC.OBJ
C:\USERS\WH0\WORK\DUKTAPE\DUKTAPE-1.4.0\DEBUG\DUK_HBUFFER_OPS.OBJ
C:\USERS\WH0\WORK\DUKTAPE\DUKTAPE-1.4.0\DEBUG\DUK_HBUFFEROBJECT_MISC.OBJ
C:\USERS\WH0\WORK\DUKTAPE\DUKTAPE-1.4.0\DEBUG\DUK_HEAP_ALLOC.OBJ
C:\USERS\WH0\WORK\DUKTAPE\DUKTAPE-1.4.0\DEBUG\DUK_HEAP_HASHSTRING.OBJ
C:\USERS\WH0\WORK\DUKTAPE\DUKTAPE-1.4.0\DEBUG\DUK_API_STRING.OBJ
C:\USERS\WH0\WORK\DUKTAPE\DUKTAPE-1.4.0\DEBUG\DUK_API_VAR.OBJ
C:\USERS\WH0\WORK\DUKTAPE\DUKTAPE-1.4.0\DEBUG\DUK_BI_ARRAY.OBJ
C:\USERS\WH0\WORK\DUKTAPE\DUKTAPE-1.4.0\DEBUG\DUK_BI_BOOLEAN.OBJ
C:\USERS\WH0\WORK\DUKTAPE\DUKTAPE-1.4.0\DEBUG\DUK_BI_BUFFER.OBJ
C:\USERS\WH0\WORK\DUKTAPE\DUKTAPE-1.4.0\DEBUG\DUK_BI_DATE.OBJ
C:\USERS\WH0\WORK\DUKTAPE\DUKTAPE-1.4.0\DEBUG\DUK_BI_DATE_UNIX.OBJ
C:\USERS\WH0\WORK\DUKTAPE\DUKTAPE-1.4.0\DEBUG\DUK_BI_DUKTAPE.OBJ
C:\USERS\WH0\WORK\DUKTAPE\DUKTAPE-1.4.0\DEBUG\DUK_BI_ERROR.OBJ
C:\USERS\WH0\WORK\DUKTAPE\DUKTAPE-1.4.0\DEBUG\DUK_BI_FUNCTION.OBJ
C:\USERS\WH0\WORK\DUKTAPE\DUKTAPE-1.4.0\DEBUG\DUK_BI_JSON.OBJ
C:\USERS\WH0\WORK\DUKTAPE\DUKTAPE-1.4.0\DEBUG\DUK_BI_MATH.OBJ
C:\USERS\WH0\WORK\DUKTAPE\DUKTAPE-1.4.0\DEBUG\DUK_BI_NUMBER.OBJ
C:\USERS\WH0\WORK\DUKTAPE\DUKTAPE-1.4.0\DEBUG\DUK_BI_OBJECT.OBJ
C:\USERS\WH0\WORK\DUKTAPE\DUKTAPE-1.4.0\DEBUG\DUK_BI_POINTER.OBJ
C:\USERS\WH0\WORK\DUKTAPE\DUKTAPE-1.4.0\DEBUG\DUK_BI_PROXY.OBJ
C:\USERS\WH0\WORK\DUKTAPE\DUKTAPE-1.4.0\DEBUG\DUK_ALLOC_DEFAULT.OBJ
C:\USERS\WH0\WORK\DUKTAPE\DUKTAPE-1.4.0\DEBUG\DUK_API_BUFFER.OBJ
C:\USERS\WH0\WORK\DUKTAPE\DUKTAPE-1.4.0\DEBUG\DUK_API_BYTECODE.OBJ
C:\USERS\WH0\WORK\DUKTAPE\DUKTAPE-1.4.0\DEBUG\DUK_API_CALL.OBJ
C:\USERS\WH0\WORK\DUKTAPE\DUKTAPE-1.4.0\DEBUG\DUK_API_CODEC.OBJ
C:\USERS\WH0\WORK\DUKTAPE\DUKTAPE-1.4.0\DEBUG\DUK_API_COMPILE.OBJ
C:\USERS\WH0\WORK\DUKTAPE\DUKTAPE-1.4.0\DEBUG\DUK_API_DEBUG.OBJ
C:\USERS\WH0\WORK\DUKTAPE\DUKTAPE-1.4.0\DEBUG\DUK_API_HEAP.OBJ
C:\USERS\WH0\WORK\DUKTAPE\DUKTAPE-1.4.0\DEBUG\DUK_API_LOGGING.OBJ
C:\USERS\WH0\WORK\DUKTAPE\DUKTAPE-1.4.0\DEBUG\DUK_API_MEMORY.OBJ
C:\USERS\WH0\WORK\DUKTAPE\DUKTAPE-1.4.0\DEBUG\DUK_API_OBJECT.OBJ
C:\USERS\WH0\WORK\DUKTAPE\DUKTAPE-1.4.0\DEBUG\DUK_ERROR_MACROS.OBJ
C:\USERS\WH0\WORK\DUKTAPE\DUKTAPE-1.4.0\DEBUG\DUK_API_STACK.OBJ
C:\USERS\WH0\WORK\DUKTAPE\DUKTAPE-1.4.0\DEBUG\DUK_BI_GLOBAL.OBJ
C:\USERS\WH0\WORK\DUKTAPE\DUKTAPE-1.4.0\DEBUG\DUK_BI_LOGGER.OBJ
C:\USERS\WH0\WORK\DUKTAPE\DUKTAPE-1.4.0\DEBUG\DUK_BI_DATE_WINDOWS.OBJ
C:\USERS\WH0\WORK\DUKTAPE\DUKTAPE-1.4.0\DEBUG\DUK_BI_DATE_SGX.OBJ
C:\USERS\WH0\WORK\DUKTAPE\DUKTAPE-1.4.0\DEBUG\DUK_API_STACK.ASM
C:\USERS\WH0\WORK\DUKTAPE\DUKTAPE-1.4.0\DEBUG\DUK_BI_GLOBAL.ASM
C:\USERS\WH0\WORK\DUKTAPE\DUKTAPE-1.4.0\DEBUG\DUK_ERROR_MACROS.ASM
C:\USERS\WH0\WORK\DUKTAPE\DUKTAPE-1.4.0\DEBUG\DUK_HEAP_STRINGTABLE.ASM
C:\USERS\WH0\WORK\DUKTAPE\DUKTAPE-1.4.0\DEBUG\DUK_JS_EXECUTOR.ASM
C:\USERS\WH0\WORK\DUKTAPE\DUKTAPE-1.4.0\DEBUG\DUK_JS_OPS.ASM
C:\USERS\WH0\WORK\DUKTAPE\DUKTAPE-1.4.0\DEBUG\DUK_JS_VAR.ASM
C:\USERS\WH0\WORK\DUKTAPE\DUKTAPE-1.4.0\DEBUG\DUK_LEXER.ASM
C:\USERS\WH0\WORK\DUKTAPE\DUKTAPE-1.4.0\DEBUG\DUK_NUMCONV.ASM
C:\USERS\WH0\WORK\DUKTAPE\DUKTAPE-1.4.0\DEBUG\DUK_REGEXP_COMPILER.ASM
C:\USERS\WH0\WORK\DUKTAPE\DUKTAPE-1.4.0\DEBUG\DUK_REGEXP_EXECUTOR.ASM
C:\USERS\WH0\WORK\DUKTAPE\DUKTAPE-1.4.0\DEBUG\DUK_REPLACEMENTS.ASM
C:\USERS\WH0\WORK\DUKTAPE\DUKTAPE-1.4.0\DEBUG\DUK_SELFTEST.ASM
C:\USERS\WH0\WORK\DUKTAPE\DUKTAPE-1.4.0\DEBUG\DUK_STRINGS.ASM
C:\USERS\WH0\WORK\DUKTAPE\DUKTAPE-1.4.0\DEBUG\DUK_TVAL.ASM
C:\USERS\WH0\WORK\DUKTAPE\DUKTAPE-1.4.0\DEBUG\DUK_UNICODE_SUPPORT.ASM
C:\USERS\WH0\WORK\DUKTAPE\DUKTAPE-1.4.0\DEBUG\DUK_UNICODE_TABLES.ASM
C:\USERS\WH0\WORK\DUKTAPE\DUKTAPE-1.4.0\DEBUG\DUK_UTIL_BITDECODER.ASM
C:\USERS\WH0\WORK\DUKTAPE\DUKTAPE-1.4.0\DEBUG\DUK_UTIL_BITENCODER.ASM
C:\USERS\WH0\WORK\DUKTAPE\DUKTAPE-1.4.0\DEBUG\DUK_UTIL_BUFWRITER.ASM
C:\USERS\WH0\WORK\DUKTAPE\DUKTAPE-1.4.0\DEBUG\DUK_UTIL_HASHBYTES.ASM
C:\USERS\WH0\WORK\DUKTAPE\DUKTAPE-1.4.0\DEBUG\DUK_UTIL_HASHPRIME.ASM
C:\USERS\WH0\WORK\DUKTAPE\DUKTAPE-1.4.0\DEBUG\DUK_UTIL_MISC.ASM
C:\USERS\WH0\WORK\DUKTAPE\DUKTAPE-1.4.0\DEBUG\DUK_UTIL_TINYRANDOM.ASM
C:\USERS\WH0\WORK\DUKTAPE\DUKTAPE-1.4.0\DEBUG\DUK_HEAP_HASHSTRING.ASM
C:\USERS\WH0\WORK\DUKTAPE\DUKTAPE-1.4.0\DEBUG\DUK_HEAP_MARKANDSWEEP.ASM
C:\USERS\WH0\WORK\DUKTAPE\DUKTAPE-1.4.0\DEBUG\DUK_HEAP_MEMORY.ASM
C:\USERS\WH0\WORK\DUKTAPE\DUKTAPE-1.4.0\DEBUG\DUK_HEAP_MISC.ASM
C:\USERS\WH0\WORK\DUKTAPE\DUKTAPE-1.4.0\DEBUG\DUK_HEAP_REFCOUNT.ASM
C:\USERS\WH0\WORK\DUKTAPE\DUKTAPE-1.4.0\DEBUG\DUK_HEAP_STRINGCACHE.ASM
C:\USERS\WH0\WORK\DUKTAPE\DUKTAPE-1.4.0\DEBUG\DUK_HOBJECT_ALLOC.ASM
C:\USERS\WH0\WORK\DUKTAPE\DUKTAPE-1.4.0\DEBUG\DUK_HOBJECT_CLASS.ASM
C:\USERS\WH0\WORK\DUKTAPE\DUKTAPE-1.4.0\DEBUG\DUK_HOBJECT_ENUM.ASM
C:\USERS\WH0\WORK\DUKTAPE\DUKTAPE-1.4.0\DEBUG\DUK_HOBJECT_FINALIZER.ASM
C:\USERS\WH0\WORK\DUKTAPE\DUKTAPE-1.4.0\DEBUG\DUK_HOBJECT_MISC.ASM
C:\USERS\WH0\WORK\DUKTAPE\DUKTAPE-1.4.0\DEBUG\DUK_HOBJECT_PC2LINE.ASM
C:\USERS\WH0\WORK\DUKTAPE\DUKTAPE-1.4.0\DEBUG\DUK_HOBJECT_PROPS.ASM
C:\USERS\WH0\WORK\DUKTAPE\DUKTAPE-1.4.0\DEBUG\DUK_HSTRING_MISC.ASM
C:\USERS\WH0\WORK\DUKTAPE\DUKTAPE-1.4.0\DEBUG\DUK_HTHREAD_ALLOC.ASM
C:\USERS\WH0\WORK\DUKTAPE\DUKTAPE-1.4.0\DEBUG\DUK_HTHREAD_BUILTINS.ASM
C:\USERS\WH0\WORK\DUKTAPE\DUKTAPE-1.4.0\DEBUG\DUK_HTHREAD_MISC.ASM
C:\USERS\WH0\WORK\DUKTAPE\DUKTAPE-1.4.0\DEBUG\DUK_HTHREAD_STACKS.ASM
C:\USERS\WH0\WORK\DUKTAPE\DUKTAPE-1.4.0\DEBUG\DUK_JS_CALL.ASM
C:\USERS\WH0\WORK\DUKTAPE\DUKTAPE-1.4.0\DEBUG\DUK_JS_COMPILER.ASM
C:\USERS\WH0\WORK\DUKTAPE\DUKTAPE-1.4.0\DEBUG\DUK_BI_POINTER.ASM
C:\USERS\WH0\WORK\DUKTAPE\DUKTAPE-1.4.0\DEBUG\DUK_BI_PROXY.ASM
C:\USERS\WH0\WORK\DUKTAPE\DUKTAPE-1.4.0\DEBUG\DUK_BI_REGEXP.ASM
C:\USERS\WH0\WORK\DUKTAPE\DUKTAPE-1.4.0\DEBUG\DUK_BI_STRING.ASM
C:\USERS\WH0\WORK\DUKTAPE\DUKTAPE-1.4.0\DEBUG\DUK_BI_THREAD.ASM
C:\USERS\WH0\WORK\DUKTAPE\DUKTAPE-1.4.0\DEBUG\DUK_BI_THROWER.ASM
C:\USERS\WH0\WORK\DUKTAPE\DUKTAPE-1.4.0\DEBUG\DUK_BUILTINS.ASM
C:\USERS\WH0\WORK\DUKTAPE\DUKTAPE-1.4.0\DEBUG\DUK_DEBUG_FIXEDBUFFER.ASM
C:\USERS\WH0\WORK\DUKTAPE\DUKTAPE-1.4.0\DEBUG\DUK_DEBUG_HEAP.ASM
C:\USERS\WH0\WORK\DUKTAPE\DUKTAPE-1.4.0\DEBUG\DUK_DEBUG_MACROS.ASM
C:\USERS\WH0\WORK\DUKTAPE\DUKTAPE-1.4.0\DEBUG\DUK_DEBUG_VSNPRINTF.ASM
C:\USERS\WH0\WORK\DUKTAPE\DUKTAPE-1.4.0\DEBUG\DUK_DEBUGGER.ASM
C:\USERS\WH0\WORK\DUKTAPE\DUKTAPE-1.4.0\DEBUG\DUK_ERROR_AUGMENT.ASM
C:\USERS\WH0\WORK\DUKTAPE\DUKTAPE-1.4.0\DEBUG\DUK_ERROR_LONGJMP.ASM
C:\USERS\WH0\WORK\DUKTAPE\DUKTAPE-1.4.0\DEBUG\DUK_ERROR_MISC.ASM
C:\USERS\WH0\WORK\DUKTAPE\DUKTAPE-1.4.0\DEBUG\DUK_ERROR_THROW.ASM
C:\USERS\WH0\WORK\DUKTAPE\DUKTAPE-1.4.0\DEBUG\DUK_HBUFFER_ALLOC.ASM
C:\USERS\WH0\WORK\DUKTAPE\DUKTAPE-1.4.0\DEBUG\DUK_HBUFFER_OPS.ASM
C:\USERS\WH0\WORK\DUKTAPE\DUKTAPE-1.4.0\DEBUG\DUK_HBUFFEROBJECT_MISC.ASM
C:\USERS\WH0\WORK\DUKTAPE\DUKTAPE-1.4.0\DEBUG\DUK_HEAP_ALLOC.ASM
C:\USERS\WH0\WORK\DUKTAPE\DUKTAPE-1.4.0\DEBUG\DUK_API_DEBUG.ASM
C:\USERS\WH0\WORK\DUKTAPE\DUKTAPE-1.4.0\DEBUG\DUK_API_HEAP.ASM
C:\USERS\WH0\WORK\DUKTAPE\DUKTAPE-1.4.0\DEBUG\DUK_API_LOGGING.ASM
C:\USERS\WH0\WORK\DUKTAPE\DUKTAPE-1.4.0\DEBUG\DUK_API_MEMORY.ASM
C:\USERS\WH0\WORK\DUKTAPE\DUKTAPE-1.4.0\DEBUG\DUK_API_OBJECT.ASM
C:\USERS\WH0\WORK\DUKTAPE\DUKTAPE-1.4.0\DEBUG\DUK_API_STRING.ASM
C:\USERS\WH0\WORK\DUKTAPE\DUKTAPE-1.4.0\DEBUG\DUK_API_VAR.ASM
C:\USERS\WH0\WORK\DUKTAPE\DUKTAPE-1.4.0\DEBUG\DUK_BI_ARRAY.ASM
C:\USERS\WH0\WORK\DUKTAPE\DUKTAPE-1.4.0\DEBUG\DUK_BI_BOOLEAN.ASM
C:\USERS\WH0\WORK\DUKTAPE\DUKTAPE-1.4.0\DEBUG\DUK_BI_BUFFER.ASM
C:\USERS\WH0\WORK\DUKTAPE\DUKTAPE-1.4.0\DEBUG\DUK_BI_DATE_SGX.ASM
C:\USERS\WH0\WORK\DUKTAPE\DUKTAPE-1.4.0\DEBUG\DUK_BI_DATE_UNIX.ASM
C:\USERS\WH0\WORK\DUKTAPE\DUKTAPE-1.4.0\DEBUG\DUK_BI_DATE_WINDOWS.ASM
C:\USERS\WH0\WORK\DUKTAPE\DUKTAPE-1.4.0\DEBUG\DUK_BI_DUKTAPE.ASM
C:\USERS\WH0\WORK\DUKTAPE\DUKTAPE-1.4.0\DEBUG\DUK_BI_ERROR.ASM
C:\USERS\WH0\WORK\DUKTAPE\DUKTAPE-1.4.0\DEBUG\DUK_BI_FUNCTION.ASM
C:\USERS\WH0\WORK\DUKTAPE\DUKTAPE-1.4.0\DEBUG\DUK_BI_LOGGER.ASM
C:\USERS\WH0\WORK\DUKTAPE\DUKTAPE-1.4.0\DEBUG\DUK_BI_MATH.ASM
C:\USERS\WH0\WORK\DUKTAPE\DUKTAPE-1.4.0\DEBUG\DUK_BI_NUMBER.ASM
C:\USERS\WH0\WORK\DUKTAPE\DUKTAPE-1.4.0\DEBUG\DUK_BI_OBJECT.ASM
C:\USERS\WH0\WORK\DUKTAPE\DUKTAPE-1.4.0\DEBUG\DUK_ALLOC_DEFAULT.ASM
C:\USERS\WH0\WORK\DUKTAPE\DUKTAPE-1.4.0\DEBUG\DUK_API_BUFFER.ASM
C:\USERS\WH0\WORK\DUKTAPE\DUKTAPE-1.4.0\DEBUG\DUK_API_BYTECODE.ASM
C:\USERS\WH0\WORK\DUKTAPE\DUKTAPE-1.4.0\DEBUG\DUK_API_CALL.ASM
C:\USERS\WH0\WORK\DUKTAPE\DUKTAPE-1.4.0\DEBUG\DUK_API_CODEC.ASM
C:\USERS\WH0\WORK\DUKTAPE\DUKTAPE-1.4.0\DEBUG\DUK_API_COMPILE.ASM
C:\USERS\WH0\WORK\DUKTAPE\DUKTAPE-1.4.0\DEBUG\DUK_SETJMP_STUB.OBJ
C:\USERS\WH0\WORK\DUKTAPE\DUKTAPE-1.4.0\DEBUG\DUK_SETJMP_STUB.ASM
C:\USERS\WH0\WORK\DUKTAPE\DUKTAPE-1.4.0\DEBUG\DUKTAPE-ENCLAVE_U.OBJ
C:\USERS\WH0\WORK\DUKTAPE\DUKTAPE-1.4.0\DUKTAPE-ENCLAVE_U.H
C:\USERS\WH0\WORK\DUKTAPE\DUKTAPE-1.4.0\DUKTAPE-ENCLAVE_U.C
C:\USERS\WH0\WORK\DUKTAPE\DEBUG\DUKTAPE-DIST.LIB
C:\Users\wh0\work\duktape\duktape-1.4.0\Debug\duktape-enclave_u.obj
C:\Users\wh0\work\duktape\duktape-1.4.0\Debug\duk_alloc_default.obj
C:\Users\wh0\work\duktape\duktape-1.4.0\Debug\duk_api_buffer.obj
C:\Users\wh0\work\duktape\duktape-1.4.0\Debug\duk_api_bytecode.obj
C:\Users\wh0\work\duktape\duktape-1.4.0\Debug\duk_api_call.obj
C:\Users\wh0\work\duktape\duktape-1.4.0\Debug\duk_api_codec.obj
C:\Users\wh0\work\duktape\duktape-1.4.0\Debug\duk_api_compile.obj
C:\Users\wh0\work\duktape\duktape-1.4.0\Debug\duk_api_debug.obj
C:\Users\wh0\work\duktape\duktape-1.4.0\Debug\duk_api_heap.obj
C:\Users\wh0\work\duktape\duktape-1.4.0\Debug\duk_api_logging.obj
C:\Users\wh0\work\duktape\duktape-1.4.0\Debug\duk_api_memory.obj
C:\Users\wh0\work\duktape\duktape-1.4.0\Debug\duk_api_object.obj
C:\Users\wh0\work\duktape\duktape-1.4.0\Debug\duk_api_stack.obj
C:\Users\wh0\work\duktape\duktape-1.4.0\Debug\duk_api_string.obj
C:\Users\wh0\work\duktape\duktape-1.4.0\Debug\duk_api_var.obj
C:\Users\wh0\work\duktape\duktape-1.4.0\Debug\duk_bi_array.obj
C:\Users\wh0\work\duktape\duktape-1.4.0\Debug\duk_bi_boolean.obj
C:\Users\wh0\work\duktape\duktape-1.4.0\Debug\duk_bi_buffer.obj
C:\Users\wh0\work\duktape\duktape-1.4.0\Debug\duk_bi_date.obj
C:\Users\wh0\work\duktape\duktape-1.4.0\Debug\duk_bi_date_sgx.obj
C:\Users\wh0\work\duktape\duktape-1.4.0\Debug\duk_bi_date_unix.obj
C:\Users\wh0\work\duktape\duktape-1.4.0\Debug\duk_bi_date_windows.obj
C:\Users\wh0\work\duktape\duktape-1.4.0\Debug\duk_bi_duktape.obj
C:\Users\wh0\work\duktape\duktape-1.4.0\Debug\duk_bi_error.obj
C:\Users\wh0\work\duktape\duktape-1.4.0\Debug\duk_bi_function.obj
C:\Users\wh0\work\duktape\duktape-1.4.0\Debug\duk_bi_global.obj
C:\Users\wh0\work\duktape\duktape-1.4.0\Debug\duk_bi_json.obj
C:\Users\wh0\work\duktape\duktape-1.4.0\Debug\duk_bi_logger.obj
C:\Users\wh0\work\duktape\duktape-1.4.0\Debug\duk_bi_math.obj
C:\Users\wh0\work\duktape\duktape-1.4.0\Debug\duk_bi_number.obj
C:\Users\wh0\work\duktape\duktape-1.4.0\Debug\duk_bi_object.obj
C:\Users\wh0\work\duktape\duktape-1.4.0\Debug\duk_bi_pointer.obj
C:\Users\wh0\work\duktape\duktape-1.4.0\Debug\duk_bi_proxy.obj
C:\Users\wh0\work\duktape\duktape-1.4.0\Debug\duk_bi_regexp.obj
C:\Users\wh0\work\duktape\duktape-1.4.0\Debug\duk_bi_string.obj
C:\Users\wh0\work\duktape\duktape-1.4.0\Debug\duk_bi_thread.obj
C:\Users\wh0\work\duktape\duktape-1.4.0\Debug\duk_bi_thrower.obj
C:\Users\wh0\work\duktape\duktape-1.4.0\Debug\duk_builtins.obj
C:\Users\wh0\work\duktape\duktape-1.4.0\Debug\duk_debugger.obj
C:\Users\wh0\work\duktape\duktape-1.4.0\Debug\duk_debug_fixedbuffer.obj
C:\Users\wh0\work\duktape\duktape-1.4.0\Debug\duk_debug_heap.obj
C:\Users\wh0\work\duktape\duktape-1.4.0\Debug\duk_debug_macros.obj
C:\Users\wh0\work\duktape\duktape-1.4.0\Debug\duk_debug_vsnprintf.obj
C:\Users\wh0\work\duktape\duktape-1.4.0\Debug\duk_error_augment.obj
C:\Users\wh0\work\duktape\duktape-1.4.0\Debug\duk_error_longjmp.obj
C:\Users\wh0\work\duktape\duktape-1.4.0\Debug\duk_error_macros.obj
C:\Users\wh0\work\duktape\duktape-1.4.0\Debug\duk_error_misc.obj
C:\Users\wh0\work\duktape\duktape-1.4.0\Debug\duk_error_throw.obj
C:\Users\wh0\work\duktape\duktape-1.4.0\Debug\duk_hbufferobject_misc.obj
C:\Users\wh0\work\duktape\duktape-1.4.0\Debug\duk_hbuffer_alloc.obj
C:\Users\wh0\work\duktape\duktape-1.4.0\Debug\duk_hbuffer_ops.obj
C:\Users\wh0\work\duktape\duktape-1.4.0\Debug\duk_heap_alloc.obj
C:\Users\wh0\work\duktape\duktape-1.4.0\Debug\duk_heap_hashstring.obj
C:\Users\wh0\work\duktape\duktape-1.4.0\Debug\duk_heap_markandsweep.obj
C:\Users\wh0\work\duktape\duktape-1.4.0\Debug\duk_heap_memory.obj
C:\Users\wh0\work\duktape\duktape-1.4.0\Debug\duk_heap_misc.obj
C:\Users\wh0\work\duktape\duktape-1.4.0\Debug\duk_heap_refcount.obj
C:\Users\wh0\work\duktape\duktape-1.4.0\Debug\duk_heap_stringcache.obj
C:\Users\wh0\work\duktape\duktape-1.4.0\Debug\duk_heap_stringtable.obj
C:\Users\wh0\work\duktape\duktape-1.4.0\Debug\duk_hobject_alloc.obj
C:\Users\wh0\work\duktape\duktape-1.4.0\Debug\duk_hobject_class.obj
C:\Users\wh0\work\duktape\duktape-1.4.0\Debug\duk_hobject_enum.obj
C:\Users\wh0\work\duktape\duktape-1.4.0\Debug\duk_hobject_finalizer.obj
C:\Users\wh0\work\duktape\duktape-1.4.0\Debug\duk_hobject_misc.obj
C:\Users\wh0\work\duktape\duktape-1.4.0\Debug\duk_hobject_pc2line.obj
C:\Users\wh0\work\duktape\duktape-1.4.0\Debug\duk_hobject_props.obj
C:\Users\wh0\work\duktape\duktape-1.4.0\Debug\duk_hstring_misc.obj
C:\Users\wh0\work\duktape\duktape-1.4.0\Debug\duk_hthread_alloc.obj
C:\Users\wh0\work\duktape\duktape-1.4.0\Debug\duk_hthread_builtins.obj
C:\Users\wh0\work\duktape\duktape-1.4.0\Debug\duk_hthread_misc.obj
C:\Users\wh0\work\duktape\duktape-1.4.0\Debug\duk_hthread_stacks.obj
C:\Users\wh0\work\duktape\duktape-1.4.0\Debug\duk_js_call.obj
C:\Users\wh0\work\duktape\duktape-1.4.0\Debug\duk_js_compiler.obj
C:\Users\wh0\work\duktape\duktape-1.4.0\Debug\duk_js_executor.obj
C:\Users\wh0\work\duktape\duktape-1.4.0\Debug\duk_js_ops.obj
C:\Users\wh0\work\duktape\duktape-1.4.0\Debug\duk_js_var.obj
C:\Users\wh0\work\duktape\duktape-1.4.0\Debug\duk_lexer.obj
C:\Users\wh0\work\duktape\duktape-1.4.0\Debug\duk_numconv.obj
C:\Users\wh0\work\duktape\duktape-1.4.0\Debug\duk_regexp_compiler.obj
C:\Users\wh0\work\duktape\duktape-1.4.0\Debug\duk_regexp_executor.obj
C:\Users\wh0\work\duktape\duktape-1.4.0\Debug\duk_replacements.obj
C:\Users\wh0\work\duktape\duktape-1.4.0\Debug\duk_selftest.obj
C:\Users\wh0\work\duktape\duktape-1.4.0\Debug\duk_setjmp_stub.obj
C:\Users\wh0\work\duktape\duktape-1.4.0\Debug\duk_strings.obj
C:\Users\wh0\work\duktape\duktape-1.4.0\Debug\duk_tval.obj
C:\Users\wh0\work\duktape\duktape-1.4.0\Debug\duk_unicode_support.obj
C:\Users\wh0\work\duktape\duktape-1.4.0\Debug\duk_unicode_tables.obj
C:\Users\wh0\work\duktape\duktape-1.4.0\Debug\duk_util_bitdecoder.obj
C:\Users\wh0\work\duktape\duktape-1.4.0\Debug\duk_util_bitencoder.obj
C:\Users\wh0\work\duktape\duktape-1.4.0\Debug\duk_util_bufwriter.obj
C:\Users\wh0\work\duktape\duktape-1.4.0\Debug\duk_util_hashbytes.obj
C:\Users\wh0\work\duktape\duktape-1.4.0\Debug\duk_util_hashprime.obj
C:\Users\wh0\work\duktape\duktape-1.4.0\Debug\duk_util_misc.obj
C:\Users\wh0\work\duktape\duktape-1.4.0\Debug\duk_util_tinyrandom.obj
C:\Users\wh0\work\duktape\duktape-1.4.0\Debug\cl.command.1.tlog
C:\Users\wh0\work\duktape\duktape-1.4.0\Debug\CL.read.1.tlog
C:\Users\wh0\work\duktape\duktape-1.4.0\Debug\CL.read.2.tlog
C:\Users\wh0\work\duktape\duktape-1.4.0\Debug\CL.read.3.tlog
C:\Users\wh0\work\duktape\duktape-1.4.0\Debug\CL.read.4.tlog
C:\Users\wh0\work\duktape\duktape-1.4.0\Debug\CL.read.5.tlog
C:\Users\wh0\work\duktape\duktape-1.4.0\Debug\CL.write.1.tlog
C:\Users\wh0\work\duktape\duktape-1.4.0\Debug\custombuild.command.1.tlog
C:\Users\wh0\work\duktape\duktape-1.4.0\Debug\custombuild.read.1.tlog
C:\Users\wh0\work\duktape\duktape-1.4.0\Debug\custombuild.write.1.tlog
C:\Users\wh0\work\duktape\duktape-1.4.0\Debug\Lib-link.read.1.tlog
C:\Users\wh0\work\duktape\duktape-1.4.0\Debug\Lib-link.write.1.tlog
C:\Users\wh0\work\duktape\duktape-1.4.0\Debug\lib.command.1.tlog
C:\Users\wh0\work\duktape\duktape-1.4.0\Debug\vc110.idb
C:\Users\wh0\work\duktape\duktape-1.4.0\Debug\vc110.pdb
C:\Users\wh0\work\duktape\Debug\duktape-dist.lib
