C:\USERS\WH0\WORK\DUKTAPE\DUK_ENCLAVE\DEBUG\DUK_ENCLAVE.OBJ
C:\USERS\WH0\WORK\DUKTAPE\DUK_ENCLAVE\DEBUG\VC110.PDB
C:\USERS\WH0\WORK\DUKTAPE\DUK_ENCLAVE\DEBUG\DUK_ENCLAVE_T.OBJ
C:\USERS\WH0\WORK\DUKTAPE\DUK_ENCLAVE\DUK_ENCLAVE_T.H
C:\USERS\WH0\WORK\DUKTAPE\DUK_ENCLAVE\DUK_ENCLAVE_T.C
C:\Users\wh0\work\duktape\Debug\duk_enclave.lib
C:\Users\wh0\work\duktape\Debug\duk_enclave.exp
C:\USERS\WH0\WORK\DUKTAPE\DEBUG\DUK_ENCLAVE.DLL
C:\USERS\WH0\WORK\DUKTAPE\DEBUG\DUK_ENCLAVE.PDB
C:\Users\wh0\work\duktape\duk_enclave\Debug\duk_enclave.vcxprojResolveAssemblyReference.cache
C:\Users\wh0\work\duktape\duk_enclave\Debug\duk_enclave.obj
C:\Users\wh0\work\duktape\duk_enclave\Debug\duk_enclave_t.obj
C:\Users\wh0\work\duktape\duk_enclave\Debug\cl.command.1.tlog
C:\Users\wh0\work\duktape\duk_enclave\Debug\CL.read.1.tlog
C:\Users\wh0\work\duktape\duk_enclave\Debug\CL.write.1.tlog
C:\Users\wh0\work\duktape\duk_enclave\Debug\custombuild.command.1.tlog
C:\Users\wh0\work\duktape\duk_enclave\Debug\custombuild.read.1.tlog
C:\Users\wh0\work\duktape\duk_enclave\Debug\custombuild.write.1.tlog
C:\Users\wh0\work\duktape\duk_enclave\Debug\duk_enclave.write.1.tlog
C:\Users\wh0\work\duktape\duk_enclave\Debug\link.command.1.tlog
C:\Users\wh0\work\duktape\duk_enclave\Debug\link.read.1.tlog
C:\Users\wh0\work\duktape\duk_enclave\Debug\link.write.1.tlog
C:\Users\wh0\work\duktape\duk_enclave\Debug\vc110.pdb
C:\Users\wh0\work\duktape\Debug\duk_enclave.pdb
C:\Users\wh0\work\duktape\Debug\duk_enclave.dll
