C:\USERS\WH0\WORK\DUKTAPE\NODE-SECUREWORKER-INTERNAL\BUILD\RELEASE\OBJ\NODE-SECUREWORKER-INTERNAL\SECUREWORKER-INTERNAL.OBJ
C:\USERS\WH0\WORK\DUKTAPE\NODE-SECUREWORKER-INTERNAL\BUILD\RELEASE\OBJ\NODE-SECUREWORKER-INTERNAL\VC110.PDB
C:\USERS\WH0\WORK\DUKTAPE\NODE-SECUREWORKER-INTERNAL\BUILD\RELEASE\OBJ\NODE-SECUREWORKER-INTERNAL\DUK_ENCLAVE_U.OBJ
C:\USERS\WH0\WORK\DUKTAPE\NODE-SECUREWORKER-INTERNAL\BUILD\DUK_ENCLAVE_U.H
C:\USERS\WH0\WORK\DUKTAPE\NODE-SECUREWORKER-INTERNAL\BUILD\DUK_ENCLAVE_U.C
C:\USERS\WH0\WORK\DUKTAPE\RELEASE\SECUREWORKER_INTERNAL.NODE
C:\USERS\WH0\WORK\DUKTAPE\RELEASE\SECUREWORKER_INTERNAL.PDB
C:\Users\wh0\work\duktape\Release\secureworker_internal.lib
C:\Users\wh0\work\duktape\Release\secureworker_internal.exp
C:\Users\wh0\work\duktape\node-secureworker-internal\build\Release\obj\node-secureworker-internal\duk_enclave_u.obj
C:\Users\wh0\work\duktape\node-secureworker-internal\build\Release\obj\node-secureworker-internal\secureworker-internal.obj
C:\Users\wh0\work\duktape\node-secureworker-internal\build\Release\obj\node-secureworker-internal\cl.command.1.tlog
C:\Users\wh0\work\duktape\node-secureworker-internal\build\Release\obj\node-secureworker-internal\CL.read.1.tlog
C:\Users\wh0\work\duktape\node-secureworker-internal\build\Release\obj\node-secureworker-internal\CL.write.1.tlog
C:\Users\wh0\work\duktape\node-secureworker-internal\build\Release\obj\node-secureworker-internal\custombuild.command.1.tlog
C:\Users\wh0\work\duktape\node-secureworker-internal\build\Release\obj\node-secureworker-internal\custombuild.read.1.tlog
C:\Users\wh0\work\duktape\node-secureworker-internal\build\Release\obj\node-secureworker-internal\custombuild.write.1.tlog
C:\Users\wh0\work\duktape\node-secureworker-internal\build\Release\obj\node-secureworker-internal\link-cvtres.read.1.tlog
C:\Users\wh0\work\duktape\node-secureworker-internal\build\Release\obj\node-secureworker-internal\link-cvtres.write.1.tlog
C:\Users\wh0\work\duktape\node-secureworker-internal\build\Release\obj\node-secureworker-internal\link-rc.read.1.tlog
C:\Users\wh0\work\duktape\node-secureworker-internal\build\Release\obj\node-secureworker-internal\link-rc.write.1.tlog
C:\Users\wh0\work\duktape\node-secureworker-internal\build\Release\obj\node-secureworker-internal\link.command.1.tlog
C:\Users\wh0\work\duktape\node-secureworker-internal\build\Release\obj\node-secureworker-internal\link.read.1.tlog
C:\Users\wh0\work\duktape\node-secureworker-internal\build\Release\obj\node-secureworker-internal\link.write.1.tlog
C:\Users\wh0\work\duktape\node-secureworker-internal\build\Release\obj\node-secureworker-internal\node-secureworker-internal.write.1.tlog
C:\Users\wh0\work\duktape\node-secureworker-internal\build\Release\obj\node-secureworker-internal\vc110.pdb
C:\Users\wh0\work\duktape\Release\secureworker_internal.pdb
C:\Users\wh0\work\duktape\Release\\node-secureworker-internal.node
