C:\USERS\WH0\WORK\DUKTAPE\DUKTAPE-ENCLAVE\DEBUG\DUKTAPE-ENCLAVE.OBJ
C:\USERS\WH0\WORK\DUKTAPE\DUKTAPE-ENCLAVE\DEBUG\VC110.PDB
C:\USERS\WH0\WORK\DUKTAPE\DUKTAPE-ENCLAVE\DEBUG\DUKTAPE-ENCLAVE_T.OBJ
C:\USERS\WH0\WORK\DUKTAPE\DUKTAPE-ENCLAVE\DUKTAPE-ENCLAVE_T.H
C:\USERS\WH0\WORK\DUKTAPE\DUKTAPE-ENCLAVE\DUKTAPE-ENCLAVE_T.C
C:\Users\wh0\work\duktape\Debug\duktape-enclave.lib
C:\Users\wh0\work\duktape\Debug\duktape-enclave.exp
C:\USERS\WH0\WORK\DUKTAPE\DEBUG\DUKTAPE-ENCLAVE.DLL
C:\USERS\WH0\WORK\DUKTAPE\DEBUG\DUKTAPE-ENCLAVE.PDB
C:\Users\wh0\work\duktape\duktape-enclave\Debug\duktape-enclave.vcxprojResolveAssemblyReference.cache
C:\Users\wh0\work\duktape\duktape-enclave\Debug\duktape-enclave.obj
C:\Users\wh0\work\duktape\duktape-enclave\Debug\duktape-enclave_t.obj
C:\Users\wh0\work\duktape\duktape-enclave\Debug\cl.command.1.tlog
C:\Users\wh0\work\duktape\duktape-enclave\Debug\CL.read.1.tlog
C:\Users\wh0\work\duktape\duktape-enclave\Debug\CL.write.1.tlog
C:\Users\wh0\work\duktape\duktape-enclave\Debug\custombuild.command.1.tlog
C:\Users\wh0\work\duktape\duktape-enclave\Debug\custombuild.read.1.tlog
C:\Users\wh0\work\duktape\duktape-enclave\Debug\custombuild.write.1.tlog
C:\Users\wh0\work\duktape\duktape-enclave\Debug\duktape-enclave.write.1.tlog
C:\Users\wh0\work\duktape\duktape-enclave\Debug\link.command.1.tlog
C:\Users\wh0\work\duktape\duktape-enclave\Debug\link.read.1.tlog
C:\Users\wh0\work\duktape\duktape-enclave\Debug\link.write.1.tlog
C:\Users\wh0\work\duktape\duktape-enclave\Debug\vc110.pdb
C:\Users\wh0\work\duktape\Debug\duktape-enclave.pdb
C:\Users\wh0\work\duktape\Debug\duktape-enclave.dll
