C:\USERS\WH0\WORK\DUKTAPE\M\BUILD\RELEASE\OBJ\M\DUKTAPE-ENCLAVE_U.OBJ
C:\USERS\WH0\WORK\DUKTAPE\M\BUILD\RELEASE\OBJ\M\VC110.PDB
C:\USERS\WH0\WORK\DUKTAPE\M\BUILD\RELEASE\OBJ\M\M.OBJ
C:\USERS\WH0\WORK\DUKTAPE\M\BUILD\DUKTAPE-ENCLAVE_U.H
C:\USERS\WH0\WORK\DUKTAPE\M\BUILD\DUKTAPE-ENCLAVE_U.C
C:\USERS\WH0\WORK\DUKTAPE\RELEASE\M.NODE
C:\USERS\WH0\WORK\DUKTAPE\RELEASE\M.PDB
C:\Users\wh0\work\duktape\m\build\Release\M.lib
C:\Users\wh0\work\duktape\m\build\Release\M.exp
C:\Users\wh0\work\duktape\Release\M.lib
C:\Users\wh0\work\duktape\Release\M.exp
C:\Users\wh0\work\duktape\m\build\Release\obj\M\duktape-enclave_u.obj
C:\Users\wh0\work\duktape\m\build\Release\obj\M\m.obj
C:\Users\wh0\work\duktape\m\build\Release\obj\M\cl.command.1.tlog
C:\Users\wh0\work\duktape\m\build\Release\obj\M\CL.read.1.tlog
C:\Users\wh0\work\duktape\m\build\Release\obj\M\CL.write.1.tlog
C:\Users\wh0\work\duktape\m\build\Release\obj\M\custombuild.command.1.tlog
C:\Users\wh0\work\duktape\m\build\Release\obj\M\custombuild.read.1.tlog
C:\Users\wh0\work\duktape\m\build\Release\obj\M\custombuild.write.1.tlog
C:\Users\wh0\work\duktape\m\build\Release\obj\M\link-cvtres.read.1.tlog
C:\Users\wh0\work\duktape\m\build\Release\obj\M\link-cvtres.write.1.tlog
C:\Users\wh0\work\duktape\m\build\Release\obj\M\link-rc.read.1.tlog
C:\Users\wh0\work\duktape\m\build\Release\obj\M\link-rc.write.1.tlog
C:\Users\wh0\work\duktape\m\build\Release\obj\M\link.command.1.tlog
C:\Users\wh0\work\duktape\m\build\Release\obj\M\link.read.1.tlog
C:\Users\wh0\work\duktape\m\build\Release\obj\M\link.write.1.tlog
C:\Users\wh0\work\duktape\m\build\Release\obj\M\M.write.1.tlog
C:\Users\wh0\work\duktape\m\build\Release\obj\M\vc110.pdb
C:\Users\wh0\work\duktape\Release\M.pdb
C:\Users\wh0\work\duktape\Release\\M.node
